{"meta": {"format": 3, "version": "7.10.3", "timestamp": "2025-08-15T13:57:27.863958", "branch_coverage": false, "show_contexts": false}, "files": {"src\\python\\utils\\data_processor.py": {"executed_lines": [1, 5, 6, 8, 11, 22, 23, 25, 26, 28, 31, 43, 45, 49, 62, 63, 66, 77, 78, 81, 91, 92, 93, 94, 95, 96, 97, 98, 99, 100, 102, 105, 115, 116, 118, 121, 122, 123, 126, 127, 130, 134, 137, 138, 140, 141, 142, 144, 146, 147, 148, 150, 152, 153, 154, 156, 158, 160, 162, 164, 166, 168, 171, 172, 174, 175, 176, 177, 184], "summary": {"covered_lines": 67, "num_statements": 70, "percent_covered": 95.71428571428571, "percent_covered_display": "96", "missing_lines": 3, "excluded_lines": 0}, "missing_lines": [46, 159, 169], "excluded_lines": [], "functions": {"calculate_dew_point": {"executed_lines": [22, 23, 25, 26, 28], "summary": {"covered_lines": 5, "num_statements": 5, "percent_covered": 100.0, "percent_covered_display": "100", "missing_lines": 0, "excluded_lines": 0}, "missing_lines": [], "excluded_lines": []}, "calculate_heat_index": {"executed_lines": [43, 45, 49, 62, 63], "summary": {"covered_lines": 5, "num_statements": 6, "percent_covered": 83.33333333333333, "percent_covered_display": "83", "missing_lines": 1, "excluded_lines": 0}, "missing_lines": [46], "excluded_lines": []}, "calculate_discomfort_index": {"executed_lines": [77, 78], "summary": {"covered_lines": 2, "num_statements": 2, "percent_covered": 100.0, "percent_covered_display": "100", "missing_lines": 0, "excluded_lines": 0}, "missing_lines": [], "excluded_lines": []}, "get_comfort_level": {"executed_lines": [91, 92, 93, 94, 95, 96, 97, 98, 99, 100, 102], "summary": {"covered_lines": 11, "num_statements": 11, "percent_covered": 100.0, "percent_covered_display": "100", "missing_lines": 0, "excluded_lines": 0}, "missing_lines": [], "excluded_lines": []}, "process_sensor_data": {"executed_lines": [115, 116, 118, 121, 122, 123, 126, 127, 130, 134], "summary": {"covered_lines": 10, "num_statements": 10, "percent_covered": 100.0, "percent_covered_display": "100", "missing_lines": 0, "excluded_lines": 0}, "missing_lines": [], "excluded_lines": []}, "DataBuffer.__init__": {"executed_lines": [141, 142], "summary": {"covered_lines": 2, "num_statements": 2, "percent_covered": 100.0, "percent_covered_display": "100", "missing_lines": 0, "excluded_lines": 0}, "missing_lines": [], "excluded_lines": []}, "DataBuffer.add": {"executed_lines": [146, 147, 148], "summary": {"covered_lines": 3, "num_statements": 3, "percent_covered": 100.0, "percent_covered_display": "100", "missing_lines": 0, "excluded_lines": 0}, "missing_lines": [], "excluded_lines": []}, "DataBuffer.get_recent": {"executed_lines": [152, 153, 154], "summary": {"covered_lines": 3, "num_statements": 3, "percent_covered": 100.0, "percent_covered_display": "100", "missing_lines": 0, "excluded_lines": 0}, "missing_lines": [], "excluded_lines": []}, "DataBuffer.to_dataframe": {"executed_lines": [158, 160], "summary": {"covered_lines": 2, "num_statements": 3, "percent_covered": 66.66666666666667, "percent_covered_display": "67", "missing_lines": 1, "excluded_lines": 0}, "missing_lines": [159], "excluded_lines": []}, "DataBuffer.clear": {"executed_lines": [164], "summary": {"covered_lines": 1, "num_statements": 1, "percent_covered": 100.0, "percent_covered_display": "100", "missing_lines": 0, "excluded_lines": 0}, "missing_lines": [], "excluded_lines": []}, "DataBuffer.get_stats": {"executed_lines": [168, 171, 172, 174, 175, 176, 177, 184], "summary": {"covered_lines": 8, "num_statements": 9, "percent_covered": 88.88888888888889, "percent_covered_display": "89", "missing_lines": 1, "excluded_lines": 0}, "missing_lines": [169], "excluded_lines": []}, "": {"executed_lines": [1, 5, 6, 8, 11, 31, 66, 81, 105, 137, 138, 140, 144, 150, 156, 162, 166], "summary": {"covered_lines": 15, "num_statements": 15, "percent_covered": 100.0, "percent_covered_display": "100", "missing_lines": 0, "excluded_lines": 0}, "missing_lines": [], "excluded_lines": []}}, "classes": {"DataBuffer": {"executed_lines": [141, 142, 146, 147, 148, 152, 153, 154, 158, 160, 164, 168, 171, 172, 174, 175, 176, 177, 184], "summary": {"covered_lines": 19, "num_statements": 21, "percent_covered": 90.47619047619048, "percent_covered_display": "90", "missing_lines": 2, "excluded_lines": 0}, "missing_lines": [159, 169], "excluded_lines": []}, "": {"executed_lines": [1, 5, 6, 8, 11, 22, 23, 25, 26, 28, 31, 43, 45, 49, 62, 63, 66, 77, 78, 81, 91, 92, 93, 94, 95, 96, 97, 98, 99, 100, 102, 105, 115, 116, 118, 121, 122, 123, 126, 127, 130, 134, 137, 138, 140, 144, 150, 156, 162, 166], "summary": {"covered_lines": 48, "num_statements": 49, "percent_covered": 97.95918367346938, "percent_covered_display": "98", "missing_lines": 1, "excluded_lines": 0}, "missing_lines": [46], "excluded_lines": []}}}, "src\\python\\utils\\env_loader.py": {"executed_lines": [2, 8, 9, 10, 13, 14, 16, 23, 24, 25, 27, 31, 32, 33, 34, 36, 37, 38, 39, 42, 43, 46, 47, 48, 49, 52, 53, 54, 55, 58, 59, 66, 67, 78, 80, 81, 92, 93, 94, 95, 97, 98, 109, 110, 111, 112, 114, 115, 126, 127, 128, 129, 130, 132, 134, 135, 149, 152, 153, 154, 156, 160, 163, 164, 165, 166, 167, 170, 172, 181, 183, 192, 194, 202, 204, 210], "summary": {"covered_lines": 74, "num_statements": 84, "percent_covered": 88.0952380952381, "percent_covered_display": "88", "missing_lines": 10, "excluded_lines": 0}, "missing_lines": [61, 63, 64, 150, 212, 213, 215, 216, 217, 218], "excluded_lines": [], "functions": {"EnvLoader.__init__": {"executed_lines": [23, 24, 25], "summary": {"covered_lines": 3, "num_statements": 3, "percent_covered": 100.0, "percent_covered_display": "100", "missing_lines": 0, "excluded_lines": 0}, "missing_lines": [], "excluded_lines": []}, "EnvLoader._load_env_file": {"executed_lines": [31, 32, 33, 34, 36, 37, 38, 39, 42, 43, 46, 47, 48, 49, 52, 53, 54, 55, 58, 59], "summary": {"covered_lines": 20, "num_statements": 23, "percent_covered": 86.95652173913044, "percent_covered_display": "87", "missing_lines": 3, "excluded_lines": 0}, "missing_lines": [61, 63, 64], "excluded_lines": []}, "EnvLoader.get_str": {"executed_lines": [78], "summary": {"covered_lines": 1, "num_statements": 1, "percent_covered": 100.0, "percent_covered_display": "100", "missing_lines": 0, "excluded_lines": 0}, "missing_lines": [], "excluded_lines": []}, "EnvLoader.get_int": {"executed_lines": [92, 93, 94, 95], "summary": {"covered_lines": 4, "num_statements": 4, "percent_covered": 100.0, "percent_covered_display": "100", "missing_lines": 0, "excluded_lines": 0}, "missing_lines": [], "excluded_lines": []}, "EnvLoader.get_float": {"executed_lines": [109, 110, 111, 112], "summary": {"covered_lines": 4, "num_statements": 4, "percent_covered": 100.0, "percent_covered_display": "100", "missing_lines": 0, "excluded_lines": 0}, "missing_lines": [], "excluded_lines": []}, "EnvLoader.get_bool": {"executed_lines": [126, 127, 128, 129, 130, 132], "summary": {"covered_lines": 6, "num_statements": 6, "percent_covered": 100.0, "percent_covered_display": "100", "missing_lines": 0, "excluded_lines": 0}, "missing_lines": [], "excluded_lines": []}, "EnvLoader.get_list": {"executed_lines": [149, 152, 153, 154, 156], "summary": {"covered_lines": 5, "num_statements": 6, "percent_covered": 83.33333333333333, "percent_covered_display": "83", "missing_lines": 1, "excluded_lines": 0}, "missing_lines": [150], "excluded_lines": []}, "load_database_config": {"executed_lines": [172], "summary": {"covered_lines": 1, "num_statements": 1, "percent_covered": 100.0, "percent_covered_display": "100", "missing_lines": 0, "excluded_lines": 0}, "missing_lines": [], "excluded_lines": []}, "load_server_config": {"executed_lines": [183], "summary": {"covered_lines": 1, "num_statements": 1, "percent_covered": 100.0, "percent_covered_display": "100", "missing_lines": 0, "excluded_lines": 0}, "missing_lines": [], "excluded_lines": []}, "load_sensor_config": {"executed_lines": [194], "summary": {"covered_lines": 1, "num_statements": 1, "percent_covered": 100.0, "percent_covered_display": "100", "missing_lines": 0, "excluded_lines": 0}, "missing_lines": [], "excluded_lines": []}, "load_logging_config": {"executed_lines": [204], "summary": {"covered_lines": 1, "num_statements": 1, "percent_covered": 100.0, "percent_covered_display": "100", "missing_lines": 0, "excluded_lines": 0}, "missing_lines": [], "excluded_lines": []}, "": {"executed_lines": [2, 8, 9, 10, 13, 14, 16, 27, 66, 67, 80, 81, 97, 98, 114, 115, 134, 135, 160, 163, 164, 165, 166, 167, 170, 181, 192, 202, 210], "summary": {"covered_lines": 27, "num_statements": 33, "percent_covered": 81.81818181818181, "percent_covered_display": "82", "missing_lines": 6, "excluded_lines": 0}, "missing_lines": [212, 213, 215, 216, 217, 218], "excluded_lines": []}}, "classes": {"EnvLoader": {"executed_lines": [23, 24, 25, 31, 32, 33, 34, 36, 37, 38, 39, 42, 43, 46, 47, 48, 49, 52, 53, 54, 55, 58, 59, 78, 92, 93, 94, 95, 109, 110, 111, 112, 126, 127, 128, 129, 130, 132, 149, 152, 153, 154, 156], "summary": {"covered_lines": 43, "num_statements": 47, "percent_covered": 91.48936170212765, "percent_covered_display": "91", "missing_lines": 4, "excluded_lines": 0}, "missing_lines": [61, 63, 64, 150], "excluded_lines": []}, "": {"executed_lines": [2, 8, 9, 10, 13, 14, 16, 27, 66, 67, 80, 81, 97, 98, 114, 115, 134, 135, 160, 163, 164, 165, 166, 167, 170, 172, 181, 183, 192, 194, 202, 204, 210], "summary": {"covered_lines": 31, "num_statements": 37, "percent_covered": 83.78378378378379, "percent_covered_display": "84", "missing_lines": 6, "excluded_lines": 0}, "missing_lines": [212, 213, 215, 216, 217, 218], "excluded_lines": []}}}}, "totals": {"covered_lines": 141, "num_statements": 154, "percent_covered": 91.55844155844156, "percent_covered_display": "92", "missing_lines": 13, "excluded_lines": 0}}